22/04/2016 00:28:29 - null NIF vacío --- ---
22/04/2016 00:28:29 - null Apellido vacío --- ---
22/04/2016 00:28:29 - null NIF no válido --- 333333333C ---
22/04/2016 00:28:29 - null Partido vacío --- ---
22/04/2016 00:28:29 - null Partido vacío --- ---
22/04/2016 00:28:29 - null Nombre vacío --- ---
22/04/2016 00:28:29 - null Inicio vacío --- ---
22/04/2016 00:28:29 - null Inicio vacío --- ---
22/04/2016 00:28:29 - null Inicio vacío --- ---
22/04/2016 00:28:29 - null Inicio vacío --- ---
22/04/2016 00:28:29 - null Nombre de la candidatura vacío --- ---
22/04/2016 00:28:29 - null Nombre de la candidatura vacío --- ---
22/04/2016 00:28:29 - null Descripción vacía --- ---
22/04/2016 00:28:29 - null Descripción vacía --- ---
22/04/2016 00:28:29 - null Nombre vacío --- ---
22/04/2016 00:28:29 - null Nombre vacío --- ---
22/04/2016 00:28:29 - null Nombre vacío --- ---
22/04/2016 00:28:29 - null PollingPlace no válido --- -2 ---
22/04/2016 00:28:29 - null PollingPlace no válido --- -2 ---
22/04/2016 00:28:29 - null PollingPlace no válido --- -2 ---
22/04/2016 00:28:29 - null Nombre vacío --- ---
22/04/2016 00:28:29 - null Nombre vacío --- ---
22/04/2016 00:28:29 - null Nombre vacío --- ---
